R1
Ethernet0/0 Admin-State True  State True 
Ethernet0/1 Admin-State True  State True 
Ethernet0/2 Admin-State False  State False 
Ethernet0/3 Admin-State False  State False 
R3
Ethernet0/0 Admin-State False  State False 
Ethernet0/1 Admin-State True  State True 
Ethernet0/2 Admin-State False  State False 
Ethernet0/3 Admin-State False  State False 
S1
Ethernet1/1 Admin-State True  State True 
Ethernet1/10 Admin-State False  State True 
Ethernet1/11 Admin-State False  State True 
Ethernet1/12 Admin-State False  State True 
Ethernet1/13 Admin-State False  State True 
Ethernet1/14 Admin-State False  State True 
Ethernet1/15 Admin-State False  State True 
Ethernet1/16 Admin-State False  State True 
Ethernet1/17 Admin-State False  State True 
Ethernet1/18 Admin-State False  State True 
Ethernet1/19 Admin-State False  State True 
Ethernet1/2 Admin-State True  State True 
Ethernet1/20 Admin-State False  State True 
Ethernet1/21 Admin-State False  State True 
Ethernet1/22 Admin-State False  State True 
Ethernet1/23 Admin-State False  State True 
Ethernet1/24 Admin-State False  State True 
Ethernet1/25 Admin-State False  State True 
Ethernet1/26 Admin-State False  State True 
Ethernet1/27 Admin-State False  State True 
Ethernet1/28 Admin-State False  State True 
Ethernet1/29 Admin-State False  State True 
Ethernet1/3 Admin-State True  State True 
Ethernet1/30 Admin-State False  State True 
Ethernet1/31 Admin-State False  State True 
Ethernet1/32 Admin-State False  State True 
Ethernet1/33 Admin-State False  State True 
Ethernet1/34 Admin-State False  State True 
Ethernet1/35 Admin-State False  State True 
Ethernet1/36 Admin-State False  State True 
Ethernet1/37 Admin-State False  State True 
Ethernet1/38 Admin-State False  State True 
Ethernet1/39 Admin-State False  State True 
Ethernet1/4 Admin-State True  State True 
Ethernet1/40 Admin-State False  State True 
Ethernet1/41 Admin-State False  State True 
Ethernet1/42 Admin-State False  State True 
Ethernet1/43 Admin-State False  State True 
Ethernet1/44 Admin-State False  State True 
Ethernet1/45 Admin-State False  State True 
Ethernet1/46 Admin-State False  State True 
Ethernet1/47 Admin-State False  State True 
Ethernet1/48 Admin-State False  State True 
Ethernet1/49 Admin-State False  State True 
Ethernet1/5 Admin-State True  State True 
Ethernet1/50 Admin-State False  State True 
Ethernet1/51 Admin-State False  State True 
Ethernet1/52 Admin-State False  State True 
Ethernet1/53 Admin-State False  State True 
Ethernet1/54 Admin-State False  State True 
Ethernet1/55 Admin-State False  State True 
Ethernet1/56 Admin-State False  State True 
Ethernet1/57 Admin-State False  State True 
Ethernet1/58 Admin-State False  State True 
Ethernet1/59 Admin-State False  State True 
Ethernet1/6 Admin-State True  State True 
Ethernet1/60 Admin-State False  State True 
Ethernet1/61 Admin-State False  State True 
Ethernet1/62 Admin-State False  State True 
Ethernet1/63 Admin-State False  State True 
Ethernet1/64 Admin-State False  State True 
Ethernet1/7 Admin-State True  State True 
Ethernet1/8 Admin-State False  State True 
Ethernet1/9 Admin-State False  State True 
mgmt0 Admin-State True  State True 
Vlan1 Admin-State False  State False 
